<?xml version="1.0" encoding="UTF-8"?>
<testsuite xmlns:xsi="http://www.w3.org/2001/XMLSchema-instance" xsi:noNamespaceSchemaLocation="https://maven.apache.org/surefire/maven-surefire-plugin/xsd/surefire-test-report-3.0.xsd" version="3.0" name="br.com.rpires.teste.ReplaceUtilsTest" time="0.068" tests="2" errors="0" skipped="0" failures="0">
  <properties>
    <property name="java.specification.version" value="24"/>
    <property name="sun.cpu.isalist" value="amd64"/>
    <property name="sun.jnu.encoding" value="Cp1252"/>
    <property name="java.class.path" value="D:\Documentos\!JavaProjects\tarefas-ebac-Lucas-Loncloff\mod39VendasOnlineTomcat\target\test-classes;D:\Documentos\!JavaProjects\tarefas-ebac-Lucas-Loncloff\mod39VendasOnlineTomcat\target\classes;C:\Users\lucvk\.m2\repository\javax\javaee-api\8.0\javaee-api-8.0.jar;C:\Users\lucvk\.m2\repository\com\sun\mail\javax.mail\1.6.0\javax.mail-1.6.0.jar;C:\Users\lucvk\.m2\repository\javax\activation\activation\1.1\activation-1.1.jar;C:\Users\lucvk\.m2\repository\org\primefaces\primefaces\11.0.0\primefaces-11.0.0.jar;C:\Users\lucvk\.m2\repository\org\primefaces\themes\all-themes\1.0.10\all-themes-1.0.10.jar;C:\Users\lucvk\.m2\repository\org\postgresql\postgresql\42.3.2\postgresql-42.3.2.jar;C:\Users\lucvk\.m2\repository\org\checkerframework\checker-qual\3.5.0\checker-qual-3.5.0.jar;C:\Users\lucvk\.m2\repository\junit\junit\4.13.2\junit-4.13.2.jar;C:\Users\lucvk\.m2\repository\org\hamcrest\hamcrest-core\1.3\hamcrest-core-1.3.jar;"/>
    <property name="java.vm.vendor" value="Oracle Corporation"/>
    <property name="sun.arch.data.model" value="64"/>
    <property name="user.variant" value=""/>
    <property name="java.vendor.url" value="https://java.oracle.com/"/>
    <property name="user.timezone" value="America/Sao_Paulo"/>
    <property name="os.name" value="Windows 10"/>
    <property name="java.vm.specification.version" value="24"/>
    <property name="sun.java.launcher" value="SUN_STANDARD"/>
    <property name="user.country" value="BR"/>
    <property name="sun.boot.library.path" value="C:\Users\lucvk\.jdks\openjdk-24.0.1\bin"/>
    <property name="sun.java.command" value="C:\Users\lucvk\AppData\Local\Temp\surefire10602053338255210525\surefirebooter-20250813144431516_3.jar C:\Users\lucvk\AppData\Local\Temp\surefire10602053338255210525 2025-08-13T14-44-31_381-jvmRun1 surefire-20250813144431516_1tmp surefire_0-20250813144431516_2tmp"/>
    <property name="jdk.debug" value="release"/>
    <property name="surefire.test.class.path" value="D:\Documentos\!JavaProjects\tarefas-ebac-Lucas-Loncloff\mod39VendasOnlineTomcat\target\test-classes;D:\Documentos\!JavaProjects\tarefas-ebac-Lucas-Loncloff\mod39VendasOnlineTomcat\target\classes;C:\Users\lucvk\.m2\repository\javax\javaee-api\8.0\javaee-api-8.0.jar;C:\Users\lucvk\.m2\repository\com\sun\mail\javax.mail\1.6.0\javax.mail-1.6.0.jar;C:\Users\lucvk\.m2\repository\javax\activation\activation\1.1\activation-1.1.jar;C:\Users\lucvk\.m2\repository\org\primefaces\primefaces\11.0.0\primefaces-11.0.0.jar;C:\Users\lucvk\.m2\repository\org\primefaces\themes\all-themes\1.0.10\all-themes-1.0.10.jar;C:\Users\lucvk\.m2\repository\org\postgresql\postgresql\42.3.2\postgresql-42.3.2.jar;C:\Users\lucvk\.m2\repository\org\checkerframework\checker-qual\3.5.0\checker-qual-3.5.0.jar;C:\Users\lucvk\.m2\repository\junit\junit\4.13.2\junit-4.13.2.jar;C:\Users\lucvk\.m2\repository\org\hamcrest\hamcrest-core\1.3\hamcrest-core-1.3.jar;"/>
    <property name="sun.cpu.endian" value="little"/>
    <property name="user.home" value="C:\Users\lucvk"/>
    <property name="user.language" value="pt"/>
    <property name="java.specification.vendor" value="Oracle Corporation"/>
    <property name="java.version.date" value="2025-04-15"/>
    <property name="java.home" value="C:\Users\lucvk\.jdks\openjdk-24.0.1"/>
    <property name="file.separator" value="\"/>
    <property name="basedir" value="D:\Documentos\!JavaProjects\tarefas-ebac-Lucas-Loncloff\mod39VendasOnlineTomcat"/>
    <property name="java.vm.compressedOopsMode" value="Zero based"/>
    <property name="line.separator" value="&#10;"/>
    <property name="java.vm.specification.vendor" value="Oracle Corporation"/>
    <property name="java.specification.name" value="Java Platform API Specification"/>
    <property name="surefire.real.class.path" value="C:\Users\lucvk\AppData\Local\Temp\surefire10602053338255210525\surefirebooter-20250813144431516_3.jar"/>
    <property name="user.script" value=""/>
    <property name="sun.management.compiler" value="HotSpot 64-Bit Tiered Compilers"/>
    <property name="java.runtime.version" value="24.0.1+9-30"/>
    <property name="user.name" value="lucvk"/>
    <property name="stdout.encoding" value="Cp1252"/>
    <property name="path.separator" value=";"/>
    <property name="os.version" value="10.0"/>
    <property name="java.runtime.name" value="OpenJDK Runtime Environment"/>
    <property name="file.encoding" value="UTF-8"/>
    <property name="java.vm.name" value="OpenJDK 64-Bit Server VM"/>
    <property name="localRepository" value="C:\Users\lucvk\.m2\repository"/>
    <property name="java.vendor.url.bug" value="https://bugreport.java.com/bugreport/"/>
    <property name="java.io.tmpdir" value="C:\Users\lucvk\AppData\Local\Temp\"/>
    <property name="idea.version" value="2024.3.3"/>
    <property name="java.version" value="24.0.1"/>
    <property name="user.dir" value="D:\Documentos\!JavaProjects\tarefas-ebac-Lucas-Loncloff\mod39VendasOnlineTomcat"/>
    <property name="os.arch" value="amd64"/>
    <property name="java.vm.specification.name" value="Java Virtual Machine Specification"/>
    <property name="sun.os.patch.level" value=""/>
    <property name="native.encoding" value="Cp1252"/>
    <property name="java.library.path" value="C:\Users\lucvk\.jdks\openjdk-24.0.1\bin;C:\WINDOWS\Sun\Java\bin;C:\WINDOWS\system32;C:\WINDOWS;C:\Program Files\Common Files\Oracle\Java\javapath;C:\Program Files (x86)\Common Files\Oracle\Java\java8path;C:\Program Files (x86)\Common Files\Oracle\Java\javapath;C:\WINDOWS\system32;C:\WINDOWS;C:\WINDOWS\System32\Wbem;C:\WINDOWS\System32\WindowsPowerShell\v1.0\;C:\WINDOWS\System32\OpenSSH\;C:\Program Files\Docker\Docker\resources\bin;D:\Programas\JDK21estavel\bin;C:\Program Files\WiX Toolset v6.0\bin\;C:\Program Files\WiX Toolset v6.0\bin;C:\Program Files\NVIDIA Corporation\NVIDIA NvDLISR;C:\Program Files\PuTTY\;C:\Program Files\dotnet\;C:\Program Files\Git\cmd;C:\Program Files (x86)\Common Files\Oracle\Java\java8path;C:\Program Files (x86)\Common Files\Oracle\Java\javapath;C:\WINDOWS\system32;C:\WINDOWS;C:\WINDOWS\System32\Wbem;C:\WINDOWS\System32\WindowsPowerShell\v1.0\;C:\WINDOWS\System32\OpenSSH\;C:\Program Files\Docker\Docker\resources\bin;C:\Program Files\Git\cmd;C:\Users\lucvk\AppData\Local\Microsoft\WindowsApps;D:\Programas\vsCode\Microsoft VS Code\bin;C:\Users\lucvk\AppData\Local\GitHubDesktop\bin;D:\apache-maven-3.9.9\bin;D:\Programas\JDK21estavel\bin;C:\Program Files\WiX Toolset v6.0\bin;;."/>
    <property name="java.vm.info" value="mixed mode, sharing"/>
    <property name="stderr.encoding" value="Cp1252"/>
    <property name="java.vendor" value="Oracle Corporation"/>
    <property name="java.vm.version" value="24.0.1+9-30"/>
    <property name="sun.io.unicode.encoding" value="UnicodeLittle"/>
    <property name="java.class.version" value="68.0"/>
  </properties>
  <testcase name="replaceCPF" classname="br.com.rpires.teste.ReplaceUtilsTest" time="0.008"/>
  <testcase name="replaceTel" classname="br.com.rpires.teste.ReplaceUtilsTest" time="0.0"/>
</testsuite>